2025-09-29 21:48:20 | app_logger | INFO | C:\Users\agnih\OneDrive\Documents\Desktop\back\mocktest_backend\my_project\src\modules\tests\testGenAI.py: GROQ_API_KEY loaded successfully!
2025-09-29 21:48:21 | app_logger | INFO | C:\Users\agnih\OneDrive\Documents\Desktop\back\mocktest_backend\my_project\src\replies\scoreReplyFinal.py: testByDifficultyReplyFinal called
2025-09-29 21:49:51 | app_logger | INFO | C:\Users\agnih\OneDrive\Documents\Desktop\back\mocktest_backend\my_project\app.py: new request at /submit
2025-09-29 21:49:51 | app_logger | INFO | C:\Users\agnih\OneDrive\Documents\Desktop\back\mocktest_backend\my_project\src\replies\scoreReplyFinal.py: scoreReplyFinalForAll called
2025-09-29 21:49:51 | app_logger | INFO | C:\Users\agnih\OneDrive\Documents\Desktop\back\mocktest_backend\my_project\src\config\scoreReplyConfigManager.py: running scoreReplyConfigurationManager
2025-09-29 21:49:51 | app_logger | INFO | C:\Users\agnih\OneDrive\Documents\Desktop\back\mocktest_backend\my_project\src\replies\scoreReplyFinal.py: {'userId': 'guest@test.com', 'timeTaken': 1388, 'testId': 9, 'solutions': ['#include <iostream>\n#include <vector>\nusing namespace std;\n\nint maxSubarraySumOf3(vector<int>& prices) {\n    int n = prices.size();\n    if (n < 3) return -1; // not enough elements\n\n    // First window sum\n    int windowSum = prices[0] + prices[1] + prices[2];\n    int maxSum = windowSum;\n\n    // Slide the window\n    for (int i = 3; i < n; i++) {\n        windowSum = windowSum - prices[i - 3] + prices[i];\n        maxSum = max(maxSum, windowSum);\n    }\n\n    return maxSum;\n}\n\nint main() {\n    vector<int> prices = {1, 2, 3, 4, 5};\n    cout << "Maximum subarray sum of size 3: " << maxSubarraySumOf3(prices) << endl;\n    return 0;\n}\n', '#include <iostream>\n#include <vector>\nusing namespace std;\n\nint maxSubarraySumOf3(vector<int>& prices) {\n    int n = prices.size();\n    if (n < 3) return -1; // not enough elements\n\n    // First window sum\n    int windowSum = prices[0] + prices[1] + prices[2];\n    int maxSum = windowSum;\n\n    // Slide the window\n    for (int i = 3; i < n; i++) {\n        windowSum = windowSum - prices[i - 3] + prices[i];\n        maxSum = max(maxSum, windowSum);\n    }\n\n    return maxSum;\n}\n\nint main() {\n    vector<int> prices = {1, 2, 3, 4, 5};\n    cout << "Maximum subarray sum of size 3: " << maxSubarraySumOf3(prices) << endl;\n    return 0;\n}\n', '#include <iostream>\n#include <vector>\nusing namespace std;\n\nint maxSubarraySumOf3(vector<int>& prices) {\n    int n = prices.size();\n    if (n < 3) return -1; // not enough elements\n\n    // First window sum\n    int windowSum = prices[0] + prices[1] + prices[2];\n    int maxSum = windowSum;\n\n    // Slide the window\n    for (int i = 3; i < n; i++) {\n        windowSum = windowSum - prices[i - 3] + prices[i];\n        maxSum = max(maxSum, windowSum);\n    }\n\n    return maxSum;\n}\n\nint main() {\n    vector<int> prices = {1, 2, 3, 4, 5};\n    cout << "Maximum subarray sum of size 3: " << maxSubarraySumOf3(prices) << endl;\n    return 0;\n}\n']}
2025-09-29 21:49:51 | app_logger | INFO | C:\Users\agnih\OneDrive\Documents\Desktop\back\mocktest_backend\my_project\src\config\scoreReplyConfigManager.py: returning solutionDetailsConfig
2025-09-29 21:49:51 | app_logger | INFO | C:\Users\agnih\OneDrive\Documents\Desktop\back\mocktest_backend\my_project\src\replies\scoreReplyFinal.py: Test Evaluating
2025-09-29 21:49:51 | app_logger | INFO | C:\Users\agnih\OneDrive\Documents\Desktop\back\mocktest_backend\my_project\src\modules\tests\test_main.py: userId: guest@test.com, testId: 9
2025-09-29 21:49:51 | app_logger | INFO | C:\Users\agnih\OneDrive\Documents\Desktop\back\mocktest_backend\my_project\src\modules\database\dbDetails.py: generalRetrieval called
2025-09-29 21:49:51 | app_logger | INFO | C:\Users\agnih\OneDrive\Documents\Desktop\back\mocktest_backend\my_project\src\modules\database\dbDetails.py: generalRetrieval: getTestDetails called
2025-09-29 21:49:51 | app_logger | INFO | C:\Users\agnih\OneDrive\Documents\Desktop\back\mocktest_backend\my_project\src\modules\database\dbDetails.py: userId: guest@test.com
testId: 9
2025-09-29 21:49:51 | app_logger | INFO | C:\Users\agnih\OneDrive\Documents\Desktop\back\mocktest_backend\my_project\src\modules\tests\test_main.py: testDetails: {}
2025-09-29 21:49:51 | app_logger | INFO | C:\Users\agnih\OneDrive\Documents\Desktop\back\mocktest_backend\my_project\src\modules\database\dbDetails.py: generalRetrieval: restrieveQuestionIdsGeneral called
2025-09-29 21:58:03 | app_logger | INFO | C:\Users\agnih\OneDrive\Documents\Desktop\back\mocktest_backend\my_project\app.py: new request at /get_questions_dsa
2025-09-29 21:58:03 | app_logger | INFO | C:\Users\agnih\OneDrive\Documents\Desktop\back\mocktest_backend\my_project\src\replies\testReplyFinal.py: testByDifficultyReplyFinal called
2025-09-29 21:58:03 | app_logger | INFO | C:\Users\agnih\OneDrive\Documents\Desktop\back\mocktest_backend\my_project\src\requests\testRequest.py: Request handler called for {'userId': 'Raju123@gmail.com', 'testId': 10, 'timeStamp': '2025-08-25T19:44:00.000Z', 'testType': 'testByDifficulty', 'params': {'difficultyLevel': ['easy'], 'dataStructure': ['array', 'string'], 'companies': [], 'numberOfQuestions': 5, 'seed': 60, 'timeLimit': '60'}}
2025-09-29 21:58:03 | app_logger | INFO | C:\Users\agnih\OneDrive\Documents\Desktop\back\mocktest_backend\my_project\src\config\testReplyConfigManager.py: running testReplyConfigurationManager
2025-09-29 21:58:03 | app_logger | INFO | C:\Users\agnih\OneDrive\Documents\Desktop\back\mocktest_backend\my_project\src\requests\testRequest.py: `testReplyConfigurationManager` called.
2025-09-29 21:58:03 | app_logger | INFO | C:\Users\agnih\OneDrive\Documents\Desktop\back\mocktest_backend\my_project\src\config\testReplyConfigManager.py: making databaseTestInitManager Configuration
2025-09-29 21:58:03 | app_logger | INFO | __init__.py: reading config/dbconfig.yaml file
2025-09-29 21:58:03 | app_logger | INFO | C:\Users\agnih\OneDrive\Documents\Desktop\back\mocktest_backend\my_project\src\modules\database\dbTestReply.py: Ensuring DB exists...
2025-09-29 21:58:03 | app_logger | INFO | C:\Users\agnih\OneDrive\Documents\Desktop\back\mocktest_backend\my_project\src\modules\database\__init__.py: Database found. Checking Tables...
2025-09-29 21:58:03 | app_logger | INFO | C:\Users\agnih\OneDrive\Documents\Desktop\back\mocktest_backend\my_project\src\modules\database\__init__.py: db\testUserDetails.xlsx already exists.
2025-09-29 21:58:03 | app_logger | INFO | C:\Users\agnih\OneDrive\Documents\Desktop\back\mocktest_backend\my_project\src\modules\database\__init__.py: db\testDetails.xlsx already exists.
2025-09-29 21:58:03 | app_logger | INFO | C:\Users\agnih\OneDrive\Documents\Desktop\back\mocktest_backend\my_project\src\modules\database\__init__.py: db\questionDetails.xlsx already exists.
2025-09-29 21:58:03 | app_logger | INFO | C:\Users\agnih\OneDrive\Documents\Desktop\back\mocktest_backend\my_project\src\modules\database\__init__.py: db\solutionDetails.xlsx already exists.
2025-09-29 21:58:03 | app_logger | INFO | C:\Users\agnih\OneDrive\Documents\Desktop\back\mocktest_backend\my_project\src\modules\database\__init__.py: db\scoreDetails.xlsx already exists.
2025-09-29 21:58:03 | app_logger | INFO | C:\Users\agnih\OneDrive\Documents\Desktop\back\mocktest_backend\my_project\src\modules\database\dbTestReply.py: no duplicate found for Raju123@gmail.com having testId 10
2025-09-29 21:58:03 | app_logger | ERROR | Exception in function 'dbInit': [Errno 13] Permission denied: 'db/testUserDetails.xlsx'
Traceback (most recent call last):
  File "C:\Users\agnih\OneDrive\Documents\Desktop\back\mocktest_backend\my_project\src\utils\customException.py", line 13, in wrapper
    return func(*args, **kwargs)
  File "C:\Users\agnih\OneDrive\Documents\Desktop\back\mocktest_backend\my_project\src\modules\database\dbTestReply.py", line 55, in dbInit
    df.to_excel(filePath,index=False)
    ~~~~~~~~~~~^^^^^^^^^^^^^^^^^^^^^^
  File "C:\Users\agnih\AppData\Local\Programs\Python\Python313\Lib\site-packages\pandas\util\_decorators.py", line 333, in wrapper
    return func(*args, **kwargs)
  File "C:\Users\agnih\AppData\Local\Programs\Python\Python313\Lib\site-packages\pandas\core\generic.py", line 2417, in to_excel
    formatter.write(
    ~~~~~~~~~~~~~~~^
        excel_writer,
        ^^^^^^^^^^^^^
    ...<6 lines>...
        engine_kwargs=engine_kwargs,
        ^^^^^^^^^^^^^^^^^^^^^^^^^^^^
    )
    ^
  File "C:\Users\agnih\AppData\Local\Programs\Python\Python313\Lib\site-packages\pandas\io\formats\excel.py", line 943, in write
    writer = ExcelWriter(
        writer,
    ...<2 lines>...
        engine_kwargs=engine_kwargs,
    )
  File "C:\Users\agnih\AppData\Local\Programs\Python\Python313\Lib\site-packages\pandas\io\excel\_openpyxl.py", line 61, in __init__
    super().__init__(
    ~~~~~~~~~~~~~~~~^
        path,
        ^^^^^
    ...<3 lines>...
        engine_kwargs=engine_kwargs,
        ^^^^^^^^^^^^^^^^^^^^^^^^^^^^
    )
    ^
  File "C:\Users\agnih\AppData\Local\Programs\Python\Python313\Lib\site-packages\pandas\io\excel\_base.py", line 1246, in __init__
    self._handles = get_handle(
                    ~~~~~~~~~~^
        path, mode, storage_options=storage_options, is_text=False
        ^^^^^^^^^^^^^^^^^^^^^^^^^^^^^^^^^^^^^^^^^^^^^^^^^^^^^^^^^^
    )
    ^
  File "C:\Users\agnih\AppData\Local\Programs\Python\Python313\Lib\site-packages\pandas\io\common.py", line 882, in get_handle
    handle = open(handle, ioargs.mode)
PermissionError: [Errno 13] Permission denied: 'db/testUserDetails.xlsx'
2025-09-29 21:58:03 | app_logger | INFO | C:\Users\agnih\OneDrive\Documents\Desktop\back\mocktest_backend\my_project\src\requests\testRequest.py: returning from database
2025-09-29 21:58:03 | app_logger | INFO | {os.path.abspath(__file__)} duplicates found.
2025-09-29 21:58:03 | app_logger | INFO | C:\Users\agnih\OneDrive\Documents\Desktop\back\mocktest_backend\my_project\src\replies\testReplyFinal.py: generating test...
2025-09-29 21:58:03 | app_logger | INFO | __init__.py: test by difficulty generation...
2025-09-29 21:58:03 | app_logger | INFO | __init__.py: no data provided
2025-09-29 21:58:03 | app_logger | INFO | C:\Users\agnih\OneDrive\Documents\Desktop\back\mocktest_backend\my_project\src\replies\testReplyFinal.py: test generated
2025-09-29 21:58:03 | app_logger | INFO | C:\Users\agnih\OneDrive\Documents\Desktop\back\mocktest_backend\my_project\app.py: response sent to frontend
