2026-04-17 19:45:18 | app_logger | INFO | C:\Users\agnih\OneDrive\Documents\Desktop\back\mocktest_backend\my_project\src\modules\tests\testGenAI.py: GROQ_API_KEY loaded successfully!
2026-04-17 19:45:19 | app_logger | INFO | C:\Users\agnih\OneDrive\Documents\Desktop\back\mocktest_backend\my_project\src\replies\scoreReplyFinal.py: testByDifficultyReplyFinal called
2026-04-17 19:47:12 | app_logger | INFO | C:\Users\agnih\OneDrive\Documents\Desktop\back\mocktest_backend\my_project\app.py: new request at /get_questions_genai
2026-04-17 19:47:12 | app_logger | INFO | C:\Users\agnih\OneDrive\Documents\Desktop\back\mocktest_backend\my_project\src\replies\testReplyFinal.py: testByGenAIReplyFinal called
2026-04-17 19:47:12 | app_logger | INFO | C:\Users\agnih\OneDrive\Documents\Desktop\back\mocktest_backend\my_project\src\requests\testRequest.py: Request handler called for {'userId': 'guest@test.com', 'testId': 1776435432793, 'timeStamp': '2026-04-17T14:17:12.793Z', 'testType': 'testByGenAI', 'params': {'dataStructure': 'arrays', 'difficultyLevel': 'easy', 'companies': [], 'numberOfQuestions': 3, 'seed': 42, 'timeLimit': 'custom'}}
2026-04-17 19:47:12 | app_logger | INFO | C:\Users\agnih\OneDrive\Documents\Desktop\back\mocktest_backend\my_project\src\config\testReplyConfigManager.py: running testReplyConfigurationManager
2026-04-17 19:47:12 | app_logger | INFO | C:\Users\agnih\OneDrive\Documents\Desktop\back\mocktest_backend\my_project\src\requests\testRequest.py: `testReplyConfigurationManager` called.
2026-04-17 19:47:12 | app_logger | INFO | C:\Users\agnih\OneDrive\Documents\Desktop\back\mocktest_backend\my_project\src\config\testReplyConfigManager.py: making databaseTestInitManager Configuration
2026-04-17 19:47:12 | app_logger | INFO | __init__.py: reading config/dbconfig.yaml file
2026-04-17 19:47:12 | app_logger | INFO | C:\Users\agnih\OneDrive\Documents\Desktop\back\mocktest_backend\my_project\src\modules\database\dbTestReply.py: Ensuring DB exists...
2026-04-17 19:47:12 | app_logger | INFO | C:\Users\agnih\OneDrive\Documents\Desktop\back\mocktest_backend\my_project\src\modules\database\__init__.py: Database found. Checking Tables...
2026-04-17 19:47:12 | app_logger | INFO | C:\Users\agnih\OneDrive\Documents\Desktop\back\mocktest_backend\my_project\src\modules\database\__init__.py: db\testUserDetails.xlsx already exists.
2026-04-17 19:47:12 | app_logger | INFO | C:\Users\agnih\OneDrive\Documents\Desktop\back\mocktest_backend\my_project\src\modules\database\__init__.py: db\testDetails.xlsx already exists.
2026-04-17 19:47:12 | app_logger | INFO | C:\Users\agnih\OneDrive\Documents\Desktop\back\mocktest_backend\my_project\src\modules\database\__init__.py: db\questionDetails.xlsx already exists.
2026-04-17 19:47:12 | app_logger | INFO | C:\Users\agnih\OneDrive\Documents\Desktop\back\mocktest_backend\my_project\src\modules\database\__init__.py: db\solutionDetails.xlsx already exists.
2026-04-17 19:47:12 | app_logger | INFO | C:\Users\agnih\OneDrive\Documents\Desktop\back\mocktest_backend\my_project\src\modules\database\__init__.py: db\scoreDetails.xlsx already exists.
2026-04-17 19:47:14 | app_logger | INFO | C:\Users\agnih\OneDrive\Documents\Desktop\back\mocktest_backend\my_project\src\modules\database\dbTestReply.py: no duplicate found for guest@test.com having testId 1776435432793
2026-04-17 19:47:14 | app_logger | INFO | C:\Users\agnih\OneDrive\Documents\Desktop\back\mocktest_backend\my_project\src\modules\database\dbTestReply.py: User-Test Details ['guest@test.com', 1776435432793, 'testByGenAI', '2026-04-17T14:17:12.793Z'] Added to table db/testUserDetails.xlsx
2026-04-17 19:47:14 | app_logger | INFO | C:\Users\agnih\OneDrive\Documents\Desktop\back\mocktest_backend\my_project\src\requests\testRequest.py: returning from database
2026-04-17 19:47:14 | app_logger | INFO | C:\Users\agnih\OneDrive\Documents\Desktop\back\mocktest_backend\my_project\src\requests\testRequest.py: There is no duplicate entry for the data.
2026-04-17 19:47:14 | app_logger | INFO | C:\Users\agnih\OneDrive\Documents\Desktop\back\mocktest_backend\my_project\src\requests\testRequest.py: The test type is `testByGenAI`
2026-04-17 19:47:14 | app_logger | INFO | C:\Users\agnih\OneDrive\Documents\Desktop\back\mocktest_backend\my_project\src\config\testReplyConfigManager.py: making testByGenAIConfiguration
2026-04-17 19:47:14 | app_logger | INFO | C:\Users\agnih\OneDrive\Documents\Desktop\back\mocktest_backend\my_project\src\requests\testRequest.py: COnfiguration is testByGenAIConfig(numberOfQuestions=3, difficultyLevel='easy', dataStructure='arrays')
2026-04-17 19:47:14 | app_logger | INFO | C:\Users\agnih\OneDrive\Documents\Desktop\back\mocktest_backend\my_project\src\config\testReplyConfigManager.py: making databaseTestDetailsManager Configguration
2026-04-17 19:47:14 | app_logger | INFO | __init__.py: reading config/dbconfig.yaml file
2026-04-17 19:47:14 | app_logger | INFO | C:\Users\agnih\OneDrive\Documents\Desktop\back\mocktest_backend\my_project\src\modules\database\dbTestReply.py: Ensuring DB exists...
2026-04-17 19:47:14 | app_logger | INFO | C:\Users\agnih\OneDrive\Documents\Desktop\back\mocktest_backend\my_project\src\modules\database\__init__.py: Database found. Checking Tables...
2026-04-17 19:47:14 | app_logger | INFO | C:\Users\agnih\OneDrive\Documents\Desktop\back\mocktest_backend\my_project\src\modules\database\__init__.py: db\testUserDetails.xlsx already exists.
2026-04-17 19:47:14 | app_logger | INFO | C:\Users\agnih\OneDrive\Documents\Desktop\back\mocktest_backend\my_project\src\modules\database\__init__.py: db\testDetails.xlsx already exists.
2026-04-17 19:47:14 | app_logger | INFO | C:\Users\agnih\OneDrive\Documents\Desktop\back\mocktest_backend\my_project\src\modules\database\__init__.py: db\questionDetails.xlsx already exists.
2026-04-17 19:47:14 | app_logger | INFO | C:\Users\agnih\OneDrive\Documents\Desktop\back\mocktest_backend\my_project\src\modules\database\__init__.py: db\solutionDetails.xlsx already exists.
2026-04-17 19:47:14 | app_logger | INFO | C:\Users\agnih\OneDrive\Documents\Desktop\back\mocktest_backend\my_project\src\modules\database\__init__.py: db\scoreDetails.xlsx already exists.
2026-04-17 19:47:14 | app_logger | INFO | C:\Users\agnih\OneDrive\Documents\Desktop\back\mocktest_backend\my_project\src\modules\database\dbTestReply.py: no duplicate found for guest@test.com having testId 1776435432793
2026-04-17 19:47:14 | app_logger | INFO | C:\Users\agnih\OneDrive\Documents\Desktop\back\mocktest_backend\my_project\src\modules\database\dbTestReply.py: Test Details ['guest@test.com', 1776435432793, 3, 'easy', [], 'arrays', 'custom'] Added to table db/testDetails.xlsx
2026-04-17 19:47:14 | app_logger | INFO | C:\Users\agnih\OneDrive\Documents\Desktop\back\mocktest_backend\my_project\src\requests\testRequest.py: Test Details are saved in database.
2026-04-17 19:47:14 | app_logger | INFO | C:\Users\agnih\OneDrive\Documents\Desktop\back\mocktest_backend\my_project\src\replies\testReplyFinal.py: generating test...
2026-04-17 19:47:14 | app_logger | INFO | C:\Users\agnih\OneDrive\Documents\Desktop\back\mocktest_backend\my_project\src\modules\testReply\testByGenAI\__init__.py: test by generative ai generation...
2026-04-17 19:47:14 | app_logger | INFO | C:\Users\agnih\OneDrive\Documents\Desktop\back\mocktest_backend\my_project\src\modules\testReply\testByGenAI\__init__.py: Parameter: noq: 3, diff: easy, DSA:arrays
2026-04-17 19:47:16 | app_logger | INFO | C:\Users\agnih\OneDrive\Documents\Desktop\back\mocktest_backend\my_project\src\modules\testReply\testByGenAI\__init__.py: questions generated, returning dictionaries...
2026-04-17 19:47:16 | app_logger | INFO | C:\Users\agnih\OneDrive\Documents\Desktop\back\mocktest_backend\my_project\src\replies\testReplyFinal.py: test generated
2026-04-17 19:47:16 | app_logger | INFO | C:\Users\agnih\OneDrive\Documents\Desktop\back\mocktest_backend\my_project\src\config\testReplyConfigManager.py: running testReplyConfigurationManager
2026-04-17 19:47:16 | app_logger | INFO | C:\Users\agnih\OneDrive\Documents\Desktop\back\mocktest_backend\my_project\src\config\testReplyConfigManager.py: making dataQuestionsDetailsManager Configuration
2026-04-17 19:47:16 | app_logger | INFO | C:\Users\agnih\OneDrive\Documents\Desktop\back\mocktest_backend\my_project\src\replies\testReplyFinal.py: saving the question ids in the database
2026-04-17 19:47:16 | app_logger | INFO | __init__.py: reading config/dbconfig.yaml file
2026-04-17 19:47:16 | app_logger | INFO | dbTestReply.py: Ensuring DB exists...
2026-04-17 19:47:16 | app_logger | INFO | C:\Users\agnih\OneDrive\Documents\Desktop\back\mocktest_backend\my_project\src\modules\database\__init__.py: Database found. Checking Tables...
2026-04-17 19:47:16 | app_logger | INFO | C:\Users\agnih\OneDrive\Documents\Desktop\back\mocktest_backend\my_project\src\modules\database\__init__.py: db\testUserDetails.xlsx already exists.
2026-04-17 19:47:16 | app_logger | INFO | C:\Users\agnih\OneDrive\Documents\Desktop\back\mocktest_backend\my_project\src\modules\database\__init__.py: db\testDetails.xlsx already exists.
2026-04-17 19:47:16 | app_logger | INFO | C:\Users\agnih\OneDrive\Documents\Desktop\back\mocktest_backend\my_project\src\modules\database\__init__.py: db\questionDetails.xlsx already exists.
2026-04-17 19:47:16 | app_logger | INFO | C:\Users\agnih\OneDrive\Documents\Desktop\back\mocktest_backend\my_project\src\modules\database\__init__.py: db\solutionDetails.xlsx already exists.
2026-04-17 19:47:16 | app_logger | INFO | C:\Users\agnih\OneDrive\Documents\Desktop\back\mocktest_backend\my_project\src\modules\database\__init__.py: db\scoreDetails.xlsx already exists.
2026-04-17 19:47:16 | app_logger | INFO | dbTestReply.py: no duplicate found for guest@test.com having testId 1776435432793
2026-04-17 19:47:16 | app_logger | INFO | dbTestReply.py: Test Details ['guest@test.com', 1776435432793, {'1': {'question': 'Given a list of integers representing exam scores, write a function to find the number of students who scored above the average score. The function should take the list of scores and return the count of students who scored above the average.', 'difficultyLevel': 'easy', 'examples': {'1': {'input': '[1, 2, 3, 4, 5]', 'output': '2', 'explanation': 'The average score is (1+2+3+4+5)/5 = 3. The students who scored above the average are 4 and 5.'}}, 'constraints': {'1': 'The input list will not be empty.', '2': 'The input list will contain only positive integers.'}}, '2': {'question': 'You are given a list of strings representing the names of students in a class. Write a function to find the number of students who have a name that starts with a vowel. The function should take the list of names and return the count of students whose names start with a vowel.', 'difficultyLevel': 'easy', 'examples': {'1': {'input': ['John', 'Alice', 'Bob', 'Eve', 'Charlie'], 'output': '2', 'explanation': 'The names that start with a vowel are Alice and Eve.'}}, 'constraints': {'1': 'The input list will not be empty.', '2': 'The input list will contain only strings.'}}, '3': {'question': 'Given a list of integers representing the weights of boxes, write a function to find the maximum weight that can be achieved by selecting a subset of boxes such that the total weight of the selected boxes is less than or equal to a given capacity. The function should take the list of weights and the capacity as input and return the maximum weight that can be achieved.', 'difficultyLevel': 'easy', 'examples': {'1': {'input': '[1, 2, 3, 4, 5]', 'capacity': '10', 'output': '9', 'explanation': 'The maximum weight that can be achieved is 9 by selecting boxes with weights 1, 2, 3, and 3.'}}, 'constraints': {'1': 'The input list will not be empty.', '2': 'The input list will contain only positive integers.'}}}] Added to table db/questionDetails.xlsx
2026-04-17 19:47:16 | app_logger | INFO | C:\Users\agnih\OneDrive\Documents\Desktop\back\mocktest_backend\my_project\src\replies\testReplyFinal.py: question ids saved in the database
2026-04-17 19:47:16 | app_logger | INFO | C:\Users\agnih\OneDrive\Documents\Desktop\back\mocktest_backend\my_project\app.py: response sent to frontend
