2026-04-17 20:18:01 | app_logger | INFO | C:\Users\agnih\OneDrive\Documents\Desktop\back\mocktest_backend\my_project\src\modules\tests\testGenAI.py: GROQ_API_KEY loaded successfully!
2026-04-17 20:18:02 | app_logger | INFO | C:\Users\agnih\OneDrive\Documents\Desktop\back\mocktest_backend\my_project\src\replies\scoreReplyFinal.py: testByDifficultyReplyFinal called
2026-04-17 20:22:02 | app_logger | INFO | C:\Users\agnih\OneDrive\Documents\Desktop\back\mocktest_backend\my_project\app.py: new request at /get_questions_genai
2026-04-17 20:22:02 | app_logger | INFO | C:\Users\agnih\OneDrive\Documents\Desktop\back\mocktest_backend\my_project\src\replies\testReplyFinal.py: testByGenAIReplyFinal called
2026-04-17 20:22:02 | app_logger | INFO | C:\Users\agnih\OneDrive\Documents\Desktop\back\mocktest_backend\my_project\src\requests\testRequest.py: Request handler called for {'userId': 'guest@test.com', 'testId': 1776437521973, 'timeStamp': '2026-04-17T14:52:01.974Z', 'testType': 'testByGenAI', 'params': {'dataStructure': 'arrays', 'difficultyLevel': 'easy', 'companies': [], 'numberOfQuestions': 4, 'seed': 42, 'timeLimit': 'custom'}}
2026-04-17 20:22:02 | app_logger | INFO | C:\Users\agnih\OneDrive\Documents\Desktop\back\mocktest_backend\my_project\src\config\testReplyConfigManager.py: running testReplyConfigurationManager
2026-04-17 20:22:02 | app_logger | INFO | C:\Users\agnih\OneDrive\Documents\Desktop\back\mocktest_backend\my_project\src\requests\testRequest.py: `testReplyConfigurationManager` called.
2026-04-17 20:22:02 | app_logger | INFO | C:\Users\agnih\OneDrive\Documents\Desktop\back\mocktest_backend\my_project\src\config\testReplyConfigManager.py: making databaseTestInitManager Configuration
2026-04-17 20:22:02 | app_logger | INFO | __init__.py: reading config/dbconfig.yaml file
2026-04-17 20:22:02 | app_logger | INFO | C:\Users\agnih\OneDrive\Documents\Desktop\back\mocktest_backend\my_project\src\modules\database\dbTestReply.py: Ensuring DB exists...
2026-04-17 20:22:02 | app_logger | INFO | C:\Users\agnih\OneDrive\Documents\Desktop\back\mocktest_backend\my_project\src\modules\database\__init__.py: Database found. Checking Tables...
2026-04-17 20:22:02 | app_logger | INFO | C:\Users\agnih\OneDrive\Documents\Desktop\back\mocktest_backend\my_project\src\modules\database\__init__.py: db\testUserDetails.xlsx already exists.
2026-04-17 20:22:02 | app_logger | INFO | C:\Users\agnih\OneDrive\Documents\Desktop\back\mocktest_backend\my_project\src\modules\database\__init__.py: db\testDetails.xlsx already exists.
2026-04-17 20:22:02 | app_logger | INFO | C:\Users\agnih\OneDrive\Documents\Desktop\back\mocktest_backend\my_project\src\modules\database\__init__.py: db\questionDetails.xlsx already exists.
2026-04-17 20:22:02 | app_logger | INFO | C:\Users\agnih\OneDrive\Documents\Desktop\back\mocktest_backend\my_project\src\modules\database\__init__.py: db\solutionDetails.xlsx already exists.
2026-04-17 20:22:02 | app_logger | INFO | C:\Users\agnih\OneDrive\Documents\Desktop\back\mocktest_backend\my_project\src\modules\database\__init__.py: db\scoreDetails.xlsx already exists.
2026-04-17 20:22:03 | app_logger | INFO | C:\Users\agnih\OneDrive\Documents\Desktop\back\mocktest_backend\my_project\src\modules\database\dbTestReply.py: no duplicate found for guest@test.com having testId 1776437521973
2026-04-17 20:22:03 | app_logger | INFO | C:\Users\agnih\OneDrive\Documents\Desktop\back\mocktest_backend\my_project\src\modules\database\dbTestReply.py: User-Test Details ['guest@test.com', 1776437521973, 'testByGenAI', '2026-04-17T14:52:01.974Z'] Added to table db/testUserDetails.xlsx
2026-04-17 20:22:03 | app_logger | INFO | C:\Users\agnih\OneDrive\Documents\Desktop\back\mocktest_backend\my_project\src\requests\testRequest.py: returning from database
2026-04-17 20:22:03 | app_logger | INFO | C:\Users\agnih\OneDrive\Documents\Desktop\back\mocktest_backend\my_project\src\requests\testRequest.py: There is no duplicate entry for the data.
2026-04-17 20:22:03 | app_logger | INFO | C:\Users\agnih\OneDrive\Documents\Desktop\back\mocktest_backend\my_project\src\requests\testRequest.py: The test type is `testByGenAI`
2026-04-17 20:22:03 | app_logger | INFO | C:\Users\agnih\OneDrive\Documents\Desktop\back\mocktest_backend\my_project\src\config\testReplyConfigManager.py: making testByGenAIConfiguration
2026-04-17 20:22:03 | app_logger | INFO | C:\Users\agnih\OneDrive\Documents\Desktop\back\mocktest_backend\my_project\src\requests\testRequest.py: COnfiguration is testByGenAIConfig(numberOfQuestions=4, difficultyLevel='easy', dataStructure='arrays')
2026-04-17 20:22:03 | app_logger | INFO | C:\Users\agnih\OneDrive\Documents\Desktop\back\mocktest_backend\my_project\src\config\testReplyConfigManager.py: making databaseTestDetailsManager Configguration
2026-04-17 20:22:03 | app_logger | INFO | __init__.py: reading config/dbconfig.yaml file
2026-04-17 20:22:03 | app_logger | INFO | C:\Users\agnih\OneDrive\Documents\Desktop\back\mocktest_backend\my_project\src\modules\database\dbTestReply.py: Ensuring DB exists...
2026-04-17 20:22:03 | app_logger | INFO | C:\Users\agnih\OneDrive\Documents\Desktop\back\mocktest_backend\my_project\src\modules\database\__init__.py: Database found. Checking Tables...
2026-04-17 20:22:03 | app_logger | INFO | C:\Users\agnih\OneDrive\Documents\Desktop\back\mocktest_backend\my_project\src\modules\database\__init__.py: db\testUserDetails.xlsx already exists.
2026-04-17 20:22:03 | app_logger | INFO | C:\Users\agnih\OneDrive\Documents\Desktop\back\mocktest_backend\my_project\src\modules\database\__init__.py: db\testDetails.xlsx already exists.
2026-04-17 20:22:03 | app_logger | INFO | C:\Users\agnih\OneDrive\Documents\Desktop\back\mocktest_backend\my_project\src\modules\database\__init__.py: db\questionDetails.xlsx already exists.
2026-04-17 20:22:03 | app_logger | INFO | C:\Users\agnih\OneDrive\Documents\Desktop\back\mocktest_backend\my_project\src\modules\database\__init__.py: db\solutionDetails.xlsx already exists.
2026-04-17 20:22:03 | app_logger | INFO | C:\Users\agnih\OneDrive\Documents\Desktop\back\mocktest_backend\my_project\src\modules\database\__init__.py: db\scoreDetails.xlsx already exists.
2026-04-17 20:22:03 | app_logger | INFO | C:\Users\agnih\OneDrive\Documents\Desktop\back\mocktest_backend\my_project\src\modules\database\dbTestReply.py: no duplicate found for guest@test.com having testId 1776437521973
2026-04-17 20:22:03 | app_logger | INFO | C:\Users\agnih\OneDrive\Documents\Desktop\back\mocktest_backend\my_project\src\modules\database\dbTestReply.py: Test Details ['guest@test.com', 1776437521973, 4, 'easy', [], 'arrays', 'custom'] Added to table db/testDetails.xlsx
2026-04-17 20:22:03 | app_logger | INFO | C:\Users\agnih\OneDrive\Documents\Desktop\back\mocktest_backend\my_project\src\requests\testRequest.py: Test Details are saved in database.
2026-04-17 20:22:03 | app_logger | INFO | C:\Users\agnih\OneDrive\Documents\Desktop\back\mocktest_backend\my_project\src\replies\testReplyFinal.py: generating test...
2026-04-17 20:22:03 | app_logger | INFO | C:\Users\agnih\OneDrive\Documents\Desktop\back\mocktest_backend\my_project\src\modules\testReply\testByGenAI\__init__.py: test by generative ai generation...
2026-04-17 20:22:03 | app_logger | INFO | C:\Users\agnih\OneDrive\Documents\Desktop\back\mocktest_backend\my_project\src\modules\testReply\testByGenAI\__init__.py: Parameter: noq: 4, diff: easy, DSA:arrays
2026-04-17 20:22:05 | app_logger | INFO | C:\Users\agnih\OneDrive\Documents\Desktop\back\mocktest_backend\my_project\src\modules\testReply\testByGenAI\__init__.py: questions generated, returning dictionaries...
2026-04-17 20:22:05 | app_logger | INFO | C:\Users\agnih\OneDrive\Documents\Desktop\back\mocktest_backend\my_project\src\replies\testReplyFinal.py: test generated
2026-04-17 20:22:05 | app_logger | INFO | C:\Users\agnih\OneDrive\Documents\Desktop\back\mocktest_backend\my_project\src\config\testReplyConfigManager.py: running testReplyConfigurationManager
2026-04-17 20:22:05 | app_logger | INFO | C:\Users\agnih\OneDrive\Documents\Desktop\back\mocktest_backend\my_project\src\config\testReplyConfigManager.py: making dataQuestionsDetailsManager Configuration
2026-04-17 20:22:05 | app_logger | INFO | C:\Users\agnih\OneDrive\Documents\Desktop\back\mocktest_backend\my_project\src\replies\testReplyFinal.py: saving the question ids in the database
2026-04-17 20:22:05 | app_logger | INFO | __init__.py: reading config/dbconfig.yaml file
2026-04-17 20:22:05 | app_logger | INFO | dbTestReply.py: Ensuring DB exists...
2026-04-17 20:22:05 | app_logger | INFO | C:\Users\agnih\OneDrive\Documents\Desktop\back\mocktest_backend\my_project\src\modules\database\__init__.py: Database found. Checking Tables...
2026-04-17 20:22:05 | app_logger | INFO | C:\Users\agnih\OneDrive\Documents\Desktop\back\mocktest_backend\my_project\src\modules\database\__init__.py: db\testUserDetails.xlsx already exists.
2026-04-17 20:22:05 | app_logger | INFO | C:\Users\agnih\OneDrive\Documents\Desktop\back\mocktest_backend\my_project\src\modules\database\__init__.py: db\testDetails.xlsx already exists.
2026-04-17 20:22:05 | app_logger | INFO | C:\Users\agnih\OneDrive\Documents\Desktop\back\mocktest_backend\my_project\src\modules\database\__init__.py: db\questionDetails.xlsx already exists.
2026-04-17 20:22:05 | app_logger | INFO | C:\Users\agnih\OneDrive\Documents\Desktop\back\mocktest_backend\my_project\src\modules\database\__init__.py: db\solutionDetails.xlsx already exists.
2026-04-17 20:22:05 | app_logger | INFO | C:\Users\agnih\OneDrive\Documents\Desktop\back\mocktest_backend\my_project\src\modules\database\__init__.py: db\scoreDetails.xlsx already exists.
2026-04-17 20:22:05 | app_logger | INFO | dbTestReply.py: no duplicate found for guest@test.com having testId 1776437521973
2026-04-17 20:22:05 | app_logger | INFO | dbTestReply.py: Test Details ['guest@test.com', 1776437521973, {'1': {'question': 'Given a list of integers representing exam scores, find the number of students who scored above the average score. The list may contain duplicate scores, and the average score is calculated as the sum of all scores divided by the total number of scores.', 'difficultyLevel': 'easy', 'examples': {'1': {'input': '[1, 2, 3, 4, 5]', 'output': '2', 'explanation': 'The average score is (1 + 2 + 3 + 4 + 5) / 5 = 3. The students who scored above the average are 4 and 5.'}}, 'constraints': {'1': 'The input list will not be empty.', '2': 'The input list will contain only non-negative integers.'}}, '2': {'question': 'You are given a list of strings representing the names of students in a class. Write a function to find the longest name in the list.', 'difficultyLevel': 'easy', 'examples': {'1': {'input': ['John', 'Alice', 'Bob', 'Charlie'], 'output': 'Charlie', 'explanation': "The longest name in the list is 'Charlie'."}}, 'constraints': {'1': 'The input list will not be empty.', '2': 'The input list will contain only strings.'}}, '3': {'question': 'Given a list of integers representing the prices of items in a shopping cart, find the total cost of the items. The prices are represented as integers, and the total cost is calculated as the sum of all prices.', 'difficultyLevel': 'easy', 'examples': {'1': {'input': [10, 20, 30, 40], 'output': '100', 'explanation': 'The total cost of the items is 10 + 20 + 30 + 40 = 100.'}}, 'constraints': {'1': 'The input list will not be empty.', '2': 'The input list will contain only non-negative integers.'}}, '4': {'question': 'You are given a list of integers representing the ages of people in a room. Write a function to find the average age of the people in the room.', 'difficultyLevel': 'easy', 'examples': {'1': {'input': [25, 30, 35, 40], 'output': '32.5', 'explanation': 'The average age of the people in the room is (25 + 30 + 35 + 40) / 4 = 32.5.'}}, 'constraints': {'1': 'The input list will not be empty.', '2': 'The input list will contain only non-negative integers.'}}}] Added to table db/questionDetails.xlsx
2026-04-17 20:22:05 | app_logger | INFO | C:\Users\agnih\OneDrive\Documents\Desktop\back\mocktest_backend\my_project\src\replies\testReplyFinal.py: question ids saved in the database
2026-04-17 20:22:05 | app_logger | INFO | C:\Users\agnih\OneDrive\Documents\Desktop\back\mocktest_backend\my_project\app.py: response sent to frontend
